# JRE version: Java(TM) SE Runtime Environment (8.0_45-b14) (build 1.8.0_45-b14)
# Java VM: Java HotSpot(TM) 64-Bit Server VM (25.45-b02 mixed mode linux-amd64 compressed oops)
Heap:
 PSYoungGen      total 205824K, used 9600K [0x00000000eab00000, 0x00000000f8380000, 0x0000000100000000)
  eden space 192512K, 0% used [0x00000000eab00000,0x00000000eab00000,0x00000000f6700000)
  from space 13312K, 72% used [0x00000000f6700000,0x00000000f70603a0,0x00000000f7400000)
  to   space 10752K, 0% used [0x00000000f7400000,0x00000000f7400000,0x00000000f7e80000)
 ParOldGen       total 39936K, used 31465K [0x00000000c0000000, 0x00000000c2700000, 0x00000000eab00000)
  object space 39936K, 78% used [0x00000000c0000000,0x00000000c1eba5e0,0x00000000c2700000)
 Metaspace       used 7839K, capacity 8106K, committed 8320K, reserved 1056768K
  class space    used 754K, capacity 789K, committed 896K, reserved 1048576K
GC Heap History (10 events):
Event: 4,121 GC heap after
Heap after GC invocations=6 (full 0):
 PSYoungGen      total 69632K, used 8551K [0x00000000eab00000, 0x00000000ef900000, 0x0000000100000000)
  eden space 60928K, 0% used [0x00000000eab00000,0x00000000eab00000,0x00000000ee680000)
  from space 8704K, 98% used [0x00000000eef80000,0x00000000ef7d9c08,0x00000000ef800000)
  to   space 9216K, 0% used [0x00000000ee680000,0x00000000ee680000,0x00000000eef80000)
 ParOldGen       total 39936K, used 21018K [0x00000000c0000000, 0x00000000c2700000, 0x00000000eab00000)
  object space 39936K, 52% used [0x00000000c0000000,0x00000000c1486858,0x00000000c2700000)
 Metaspace       used 7697K, capacity 8100K, committed 8320K, reserved 1056768K
  class space    used 746K, capacity 788K, committed 896K, reserved 1048576K
}
Event: 4,473 GC heap before
{Heap before GC invocations=7 (full 0):
 PSYoungGen      total 69632K, used 69479K [0x00000000eab00000, 0x00000000ef900000, 0x0000000100000000)
  eden space 60928K, 100% used [0x00000000eab00000,0x00000000ee680000,0x00000000ee680000)
  from space 8704K, 98% used [0x00000000eef80000,0x00000000ef7d9c08,0x00000000ef800000)
  to   space 9216K, 0% used [0x00000000ee680000,0x00000000ee680000,0x00000000eef80000)
 ParOldGen       total 39936K, used 21018K [0x00000000c0000000, 0x00000000c2700000, 0x00000000eab00000)
  object space 39936K, 52% used [0x00000000c0000000,0x00000000c1486858,0x00000000c2700000)
 Metaspace       used 7809K, capacity 8106K, committed 8320K, reserved 1056768K
  class space    used 754K, capacity 789K, committed 896K, reserved 1048576K
Event: 4,516 GC heap after
Heap after GC invocations=7 (full 0):
 PSYoungGen      total 70144K, used 8127K [0x00000000eab00000, 0x00000000f3500000, 0x0000000100000000)
  eden space 60928K, 0% used [0x00000000eab00000,0x00000000eab00000,0x00000000ee680000)
  from space 9216K, 88% used [0x00000000ee680000,0x00000000eee6fd50,0x00000000eef80000)
  to   space 9728K, 0% used [0x00000000f2b80000,0x00000000f2b80000,0x00000000f3500000)
 ParOldGen       total 39936K, used 24159K [0x00000000c0000000, 0x00000000c2700000, 0x00000000eab00000)
  object space 39936K, 60% used [0x00000000c0000000,0x00000000c1797e20,0x00000000c2700000)
 Metaspace       used 7809K, capacity 8106K, committed 8320K, reserved 1056768K
  class space    used 754K, capacity 789K, committed 896K, reserved 1048576K
}
Event: 4,749 GC heap before
{Heap before GC invocations=8 (full 0):
 PSYoungGen      total 70144K, used 69055K [0x00000000eab00000, 0x00000000f3500000, 0x0000000100000000)
  eden space 60928K, 100% used [0x00000000eab00000,0x00000000ee680000,0x00000000ee680000)
  from space 9216K, 88% used [0x00000000ee680000,0x00000000eee6fd50,0x00000000eef80000)
  to   space 9728K, 0% used [0x00000000f2b80000,0x00000000f2b80000,0x00000000f3500000)
 ParOldGen       total 39936K, used 24159K [0x00000000c0000000, 0x00000000c2700000, 0x00000000eab00000)
  object space 39936K, 60% used [0x00000000c0000000,0x00000000c1797e20,0x00000000c2700000)
 Metaspace       used 7818K, capacity 8106K, committed 8320K, reserved 1056768K
  class space    used 754K, capacity 789K, committed 896K, reserved 1048576K
Event: 4,772 GC heap after
Heap after GC invocations=8 (full 0):
 PSYoungGen      total 131584K, used 7622K [0x00000000eab00000, 0x00000000f3500000, 0x0000000100000000)
  eden space 121856K, 0% used [0x00000000eab00000,0x00000000eab00000,0x00000000f2200000)
  from space 9728K, 78% used [0x00000000f2b80000,0x00000000f32f1980,0x00000000f3500000)
  to   space 9728K, 0% used [0x00000000f2200000,0x00000000f2200000,0x00000000f2b80000)
 ParOldGen       total 39936K, used 24558K [0x00000000c0000000, 0x00000000c2700000, 0x00000000eab00000)
  object space 39936K, 61% used [0x00000000c0000000,0x00000000c17fb858,0x00000000c2700000)
 Metaspace       used 7818K, capacity 8106K, committed 8320K, reserved 1056768K
  class space    used 754K, capacity 789K, committed 896K, reserved 1048576K
}
Event: 5,292 GC heap before
{Heap before GC invocations=9 (full 0):
 PSYoungGen      total 131584K, used 129478K [0x00000000eab00000, 0x00000000f3500000, 0x0000000100000000)
  eden space 121856K, 100% used [0x00000000eab00000,0x00000000f2200000,0x00000000f2200000)
  from space 9728K, 78% used [0x00000000f2b80000,0x00000000f32f1980,0x00000000f3500000)
  to   space 9728K, 0% used [0x00000000f2200000,0x00000000f2200000,0x00000000f2b80000)
 ParOldGen       total 39936K, used 24558K [0x00000000c0000000, 0x00000000c2700000, 0x00000000eab00000)
  object space 39936K, 61% used [0x00000000c0000000,0x00000000c17fb858,0x00000000c2700000)
 Metaspace       used 7825K, capacity 8106K, committed 8320K, reserved 1056768K
  class space    used 754K, capacity 789K, committed 896K, reserved 1048576K
Event: 5,305 GC heap after
Heap after GC invocations=9 (full 0):
 PSYoungGen      total 131584K, used 9511K [0x00000000eab00000, 0x00000000f7e80000, 0x0000000100000000)
  eden space 121856K, 0% used [0x00000000eab00000,0x00000000eab00000,0x00000000f2200000)
  from space 9728K, 97% used [0x00000000f2200000,0x00000000f2b49ef0,0x00000000f2b80000)
  to   space 10752K, 0% used [0x00000000f7400000,0x00000000f7400000,0x00000000f7e80000)
 ParOldGen       total 39936K, used 27157K [0x00000000c0000000, 0x00000000c2700000, 0x00000000eab00000)
  object space 39936K, 68% used [0x00000000c0000000,0x00000000c1a855b0,0x00000000c2700000)
 Metaspace       used 7825K, capacity 8106K, committed 8320K, reserved 1056768K
  class space    used 754K, capacity 789K, committed 896K, reserved 1048576K
}
Event: 5,668 GC heap before
{Heap before GC invocations=10 (full 0):
 PSYoungGen      total 131584K, used 131367K [0x00000000eab00000, 0x00000000f7e80000, 0x0000000100000000)
  eden space 121856K, 100% used [0x00000000eab00000,0x00000000f2200000,0x00000000f2200000)
  from space 9728K, 97% used [0x00000000f2200000,0x00000000f2b49ef0,0x00000000f2b80000)
  to   space 10752K, 0% used [0x00000000f7400000,0x00000000f7400000,0x00000000f7e80000)
 ParOldGen       total 39936K, used 27157K [0x00000000c0000000, 0x00000000c2700000, 0x00000000eab00000)
  object space 39936K, 68% used [0x00000000c0000000,0x00000000c1a855b0,0x00000000c2700000)
 Metaspace       used 7834K, capacity 8106K, committed 8320K, reserved 1056768K
  class space    used 754K, capacity 789K, committed 896K, reserved 1048576K
Event: 5,711 GC heap after
Heap after GC invocations=10 (full 0):
 PSYoungGen      total 203264K, used 10745K [0x00000000eab00000, 0x00000000f8380000, 0x0000000100000000)
  eden space 192512K, 0% used [0x00000000eab00000,0x00000000eab00000,0x00000000f6700000)
  from space 10752K, 99% used [0x00000000f7400000,0x00000000f7e7e560,0x00000000f7e80000)
  to   space 13312K, 0% used [0x00000000f6700000,0x00000000f6700000,0x00000000f7400000)
 ParOldGen       total 39936K, used 31457K [0x00000000c0000000, 0x00000000c2700000, 0x00000000eab00000)
  object space 39936K, 78% used [0x00000000c0000000,0x00000000c1eb85e0,0x00000000c2700000)
 Metaspace       used 7834K, capacity 8106K, committed 8320K, reserved 1056768K
  class space    used 754K, capacity 789K, committed 896K, reserved 1048576K
}
Event: 7,398 GC heap before
{Heap before GC invocations=11 (full 0):
 PSYoungGen      total 203264K, used 203257K [0x00000000eab00000, 0x00000000f8380000, 0x0000000100000000)
  eden space 192512K, 100% used [0x00000000eab00000,0x00000000f6700000,0x00000000f6700000)
  from space 10752K, 99% used [0x00000000f7400000,0x00000000f7e7e560,0x00000000f7e80000)
  to   space 13312K, 0% used [0x00000000f6700000,0x00000000f6700000,0x00000000f7400000)
 ParOldGen       total 39936K, used 31457K [0x00000000c0000000, 0x00000000c2700000, 0x00000000eab00000)
  object space 39936K, 78% used [0x00000000c0000000,0x00000000c1eb85e0,0x00000000c2700000)
 Metaspace       used 7839K, capacity 8106K, committed 8320K, reserved 1056768K
  class space    used 754K, capacity 789K, committed 896K, reserved 1048576K

