# JRE version: Java(TM) SE Runtime Environment (8.0_45-b14) (build 1.8.0_45-b14)
# Java VM: Java HotSpot(TM) 64-Bit Server VM (25.45-b02 mixed mode linux-amd64 compressed oops)
Heap:
 PSYoungGen      total 133120K, used 7503K [0x00000000eab00000, 0x00000000f3700000, 0x0000000100000000)
  eden space 122880K, 0% used [0x00000000eab00000,0x00000000eab00000,0x00000000f2300000)
  from space 10240K, 73% used [0x00000000f2300000,0x00000000f2a53e78,0x00000000f2d00000)
  to   space 10240K, 0% used [0x00000000f2d00000,0x00000000f2d00000,0x00000000f3700000)
 ParOldGen       total 39936K, used 26669K [0x00000000c0000000, 0x00000000c2700000, 0x00000000eab00000)
  object space 39936K, 66% used [0x00000000c0000000,0x00000000c1a0b5f8,0x00000000c2700000)
 Metaspace       used 7757K, capacity 8042K, committed 8320K, reserved 1056768K
  class space    used 754K, capacity 789K, committed 896K, reserved 1048576K
GC Heap History (10 events):
Event: 2,280 GC heap after
Heap after GC invocations=2 (full 0):
 PSYoungGen      total 32768K, used 2021K [0x00000000eab00000, 0x00000000ecd00000, 0x0000000100000000)
  eden space 30720K, 0% used [0x00000000eab00000,0x00000000eab00000,0x00000000ec900000)
  from space 2048K, 98% used [0x00000000ecb00000,0x00000000eccf94e0,0x00000000ecd00000)
  to   space 2048K, 0% used [0x00000000ec900000,0x00000000ec900000,0x00000000ecb00000)
 ParOldGen       total 39936K, used 6542K [0x00000000c0000000, 0x00000000c2700000, 0x00000000eab00000)
  object space 39936K, 16% used [0x00000000c0000000,0x00000000c0663ab8,0x00000000c2700000)
 Metaspace       used 5549K, capacity 6896K, committed 7040K, reserved 1056768K
  class space    used 546K, capacity 616K, committed 640K, reserved 1048576K
}
Event: 2,776 GC heap before
{Heap before GC invocations=3 (full 0):
 PSYoungGen      total 32768K, used 32596K [0x00000000eab00000, 0x00000000ecd00000, 0x0000000100000000)
  eden space 30720K, 99% used [0x00000000eab00000,0x00000000ec8dbd90,0x00000000ec900000)
  from space 2048K, 98% used [0x00000000ecb00000,0x00000000eccf94e0,0x00000000ecd00000)
  to   space 2048K, 0% used [0x00000000ec900000,0x00000000ec900000,0x00000000ecb00000)
 ParOldGen       total 39936K, used 6542K [0x00000000c0000000, 0x00000000c2700000, 0x00000000eab00000)
  object space 39936K, 16% used [0x00000000c0000000,0x00000000c0663ab8,0x00000000c2700000)
 Metaspace       used 5640K, capacity 6960K, committed 7040K, reserved 1056768K
  class space    used 547K, capacity 616K, committed 640K, reserved 1048576K
Event: 2,801 GC heap after
Heap after GC invocations=3 (full 0):
 PSYoungGen      total 32768K, used 2036K [0x00000000eab00000, 0x00000000eeb00000, 0x0000000100000000)
  eden space 30720K, 0% used [0x00000000eab00000,0x00000000eab00000,0x00000000ec900000)
  from space 2048K, 99% used [0x00000000ec900000,0x00000000ecafd2b0,0x00000000ecb00000)
  to   space 2048K, 0% used [0x00000000ee900000,0x00000000ee900000,0x00000000eeb00000)
 ParOldGen       total 39936K, used 15672K [0x00000000c0000000, 0x00000000c2700000, 0x00000000eab00000)
  object space 39936K, 39% used [0x00000000c0000000,0x00000000c0f4e228,0x00000000c2700000)
 Metaspace       used 5640K, capacity 6960K, committed 7040K, reserved 1056768K
  class space    used 547K, capacity 616K, committed 640K, reserved 1048576K
}
Event: 4,122 GC heap before
{Heap before GC invocations=4 (full 0):
 PSYoungGen      total 32768K, used 31769K [0x00000000eab00000, 0x00000000eeb00000, 0x0000000100000000)
  eden space 30720K, 96% used [0x00000000eab00000,0x00000000ec809188,0x00000000ec900000)
  from space 2048K, 99% used [0x00000000ec900000,0x00000000ecafd2b0,0x00000000ecb00000)
  to   space 2048K, 0% used [0x00000000ee900000,0x00000000ee900000,0x00000000eeb00000)
 ParOldGen       total 39936K, used 15672K [0x00000000c0000000, 0x00000000c2700000, 0x00000000eab00000)
  object space 39936K, 39% used [0x00000000c0000000,0x00000000c0f4e228,0x00000000c2700000)
 Metaspace       used 7588K, capacity 8036K, committed 8320K, reserved 1056768K
  class space    used 746K, capacity 788K, committed 896K, reserved 1048576K
Event: 4,148 GC heap after
Heap after GC invocations=4 (full 0):
 PSYoungGen      total 63488K, used 2033K [0x00000000eab00000, 0x00000000eeb00000, 0x0000000100000000)
  eden space 61440K, 0% used [0x00000000eab00000,0x00000000eab00000,0x00000000ee700000)
  from space 2048K, 99% used [0x00000000ee900000,0x00000000eeafc7b8,0x00000000eeb00000)
  to   space 2048K, 0% used [0x00000000ee700000,0x00000000ee700000,0x00000000ee900000)
 ParOldGen       total 39936K, used 20710K [0x00000000c0000000, 0x00000000c2700000, 0x00000000eab00000)
  object space 39936K, 51% used [0x00000000c0000000,0x00000000c1439aa0,0x00000000c2700000)
 Metaspace       used 7588K, capacity 8036K, committed 8320K, reserved 1056768K
  class space    used 746K, capacity 788K, committed 896K, reserved 1048576K
}
Event: 4,670 GC heap before
{Heap before GC invocations=5 (full 0):
 PSYoungGen      total 63488K, used 63473K [0x00000000eab00000, 0x00000000eeb00000, 0x0000000100000000)
  eden space 61440K, 100% used [0x00000000eab00000,0x00000000ee700000,0x00000000ee700000)
  from space 2048K, 99% used [0x00000000ee900000,0x00000000eeafc7b8,0x00000000eeb00000)
  to   space 2048K, 0% used [0x00000000ee700000,0x00000000ee700000,0x00000000ee900000)
 ParOldGen       total 39936K, used 20710K [0x00000000c0000000, 0x00000000c2700000, 0x00000000eab00000)
  object space 39936K, 51% used [0x00000000c0000000,0x00000000c1439aa0,0x00000000c2700000)
 Metaspace       used 7721K, capacity 8042K, committed 8320K, reserved 1056768K
  class space    used 754K, capacity 789K, committed 896K, reserved 1048576K
Event: 4,693 GC heap after
Heap after GC invocations=5 (full 0):
 PSYoungGen      total 63488K, used 2027K [0x00000000eab00000, 0x00000000f3700000, 0x0000000100000000)
  eden space 61440K, 0% used [0x00000000eab00000,0x00000000eab00000,0x00000000ee700000)
  from space 2048K, 99% used [0x00000000ee700000,0x00000000ee8fae70,0x00000000ee900000)
  to   space 10240K, 0% used [0x00000000f2d00000,0x00000000f2d00000,0x00000000f3700000)
 ParOldGen       total 39936K, used 25246K [0x00000000c0000000, 0x00000000c2700000, 0x00000000eab00000)
  object space 39936K, 63% used [0x00000000c0000000,0x00000000c18a7828,0x00000000c2700000)
 Metaspace       used 7721K, capacity 8042K, committed 8320K, reserved 1056768K
  class space    used 754K, capacity 789K, committed 896K, reserved 1048576K
}
Event: 5,016 GC heap before
{Heap before GC invocations=6 (full 0):
 PSYoungGen      total 63488K, used 63467K [0x00000000eab00000, 0x00000000f3700000, 0x0000000100000000)
  eden space 61440K, 100% used [0x00000000eab00000,0x00000000ee700000,0x00000000ee700000)
  from space 2048K, 99% used [0x00000000ee700000,0x00000000ee8fae70,0x00000000ee900000)
  to   space 10240K, 0% used [0x00000000f2d00000,0x00000000f2d00000,0x00000000f3700000)
 ParOldGen       total 39936K, used 25246K [0x00000000c0000000, 0x00000000c2700000, 0x00000000eab00000)
  object space 39936K, 63% used [0x00000000c0000000,0x00000000c18a7828,0x00000000c2700000)
 Metaspace       used 7752K, capacity 8042K, committed 8320K, reserved 1056768K
  class space    used 754K, capacity 789K, committed 896K, reserved 1048576K
Event: 5,042 GC heap after
Heap after GC invocations=6 (full 0):
 PSYoungGen      total 133120K, used 5836K [0x00000000eab00000, 0x00000000f3700000, 0x0000000100000000)
  eden space 122880K, 0% used [0x00000000eab00000,0x00000000eab00000,0x00000000f2300000)
  from space 10240K, 56% used [0x00000000f2d00000,0x00000000f32b3278,0x00000000f3700000)
  to   space 10240K, 0% used [0x00000000f2300000,0x00000000f2300000,0x00000000f2d00000)
 ParOldGen       total 39936K, used 25246K [0x00000000c0000000, 0x00000000c2700000, 0x00000000eab00000)
  object space 39936K, 63% used [0x00000000c0000000,0x00000000c18a7828,0x00000000c2700000)
 Metaspace       used 7752K, capacity 8042K, committed 8320K, reserved 1056768K
  class space    used 754K, capacity 789K, committed 896K, reserved 1048576K
}
Event: 5,674 GC heap before
{Heap before GC invocations=7 (full 0):
 PSYoungGen      total 133120K, used 128716K [0x00000000eab00000, 0x00000000f3700000, 0x0000000100000000)
  eden space 122880K, 100% used [0x00000000eab00000,0x00000000f2300000,0x00000000f2300000)
  from space 10240K, 56% used [0x00000000f2d00000,0x00000000f32b3278,0x00000000f3700000)
  to   space 10240K, 0% used [0x00000000f2300000,0x00000000f2300000,0x00000000f2d00000)
 ParOldGen       total 39936K, used 25246K [0x00000000c0000000, 0x00000000c2700000, 0x00000000eab00000)
  object space 39936K, 63% used [0x00000000c0000000,0x00000000c18a7828,0x00000000c2700000)
 Metaspace       used 7757K, capacity 8042K, committed 8320K, reserved 1056768K
  class space    used 754K, capacity 789K, committed 896K, reserved 1048576K

